[debug] [2021-04-03T01:58:52.075Z] ----------------------------------------------------------------------
[debug] [2021-04-03T01:58:52.077Z] Command:       C:\Program Files\nodejs\node.exe C:\Users\Fatwa Anugerah\AppData\Roaming\npm\node_modules\firebase-tools\lib\bin\firebase.js init
[debug] [2021-04-03T01:58:52.078Z] CLI Version:   9.8.0
[debug] [2021-04-03T01:58:52.078Z] Platform:      win32
[debug] [2021-04-03T01:58:52.078Z] Node Version:  v15.7.0
[debug] [2021-04-03T01:58:52.079Z] Time:          Sat Apr 03 2021 09:58:52 GMT+0800 (Central Indonesia Time)
[debug] [2021-04-03T01:58:52.080Z] ----------------------------------------------------------------------
[debug] 
[debug] [2021-04-03T01:58:52.087Z] > command requires scopes: ["email","openid","https://www.googleapis.com/auth/cloudplatformprojects.readonly","https://www.googleapis.com/auth/firebase","https://www.googleapis.com/auth/cloud-platform"]
[debug] [2021-04-03T01:58:52.087Z] > authorizing via signed-in user
[info] 
     ######## #### ########  ######## ########     ###     ######  ########
     ##        ##  ##     ## ##       ##     ##  ##   ##  ##       ##
     ######    ##  ########  ######   ########  #########  ######  ######
     ##        ##  ##    ##  ##       ##     ## ##     ##       ## ##
     ##       #### ##     ## ######## ########  ##     ##  ######  ########

You're about to initialize a Firebase project in this directory:

  D:\Coding\LearnAndPractice\quiz-kelompok-7

[info] 
=== Project Setup
[info] 
[info] First, let's associate this project directory with a Firebase project.
[info] You can create multiple project aliases by running firebase use --add, 
[info] but for now we'll just set up a default project.
[info] 
[debug] [2021-04-03T01:59:05.239Z] >>> [apiv2][query] GET https://firebase.googleapis.com/v1beta1/projects pageSize=100
[debug] [2021-04-03T01:59:05.840Z] <<< [apiv2][status] GET https://firebase.googleapis.com/v1beta1/projects 200
[debug] [2021-04-03T01:59:05.841Z] <<< [apiv2][body] GET https://firebase.googleapis.com/v1beta1/projects [omitted]
[info] i  Using project midtest-kelompok7 (midtest-kelompok7) 
[info] 
=== Hosting Setup
[info] 
[info] Your public directory is the folder (relative to your project directory) that
[info] will contain Hosting assets to be uploaded with firebase deploy. If you
[info] have a build process for your assets, use your build's output directory.
[info] 
[info] +  Wrote public/404.html 
[debug] [2021-04-03T01:59:22.487Z] >>> [apiv2][query] GET https://www.gstatic.com/firebasejs/releases.json [none]
[debug] [2021-04-03T01:59:22.680Z] <<< [apiv2][status] GET https://www.gstatic.com/firebasejs/releases.json 200
[debug] [2021-04-03T01:59:22.680Z] <<< [apiv2][body] GET https://www.gstatic.com/firebasejs/releases.json {"current":{"version":"8.3.2","browserURL":"https://www.gstatic.com/firebasejs/8.3.2/firebase.js","packageURL":"https://www.gstatic.com/firebasejs/8.3.2/firebase.tgz"},"live":{"version":"8.3","browserURL":"https://www.gstatic.com/firebasejs/live/8.3/firebase.js","packageURL":"https://www.gstatic.com/firebasejs/live/8.3/firebase.tgz"},"components":{"analytics":"https://www.gstatic.com/firebasejs/8.3.2/firebase-analytics.js","app":"https://www.gstatic.com/firebasejs/8.3.2/firebase-app.js","auth":"https://www.gstatic.com/firebasejs/8.3.2/firebase-auth.js","database":"https://www.gstatic.com/firebasejs/8.3.2/firebase-database.js","firestore":"https://www.gstatic.com/firebasejs/8.3.2/firebase-firestore.js","functions":"https://www.gstatic.com/firebasejs/8.3.2/firebase-functions.js","installations":"https://www.gstatic.com/firebasejs/8.3.2/firebase-installations.js","messaging":"https://www.gstatic.com/firebasejs/8.3.2/firebase-messaging.js","storage":"https://www.gstatic.com/firebasejs/8.3.2/firebase-storage.js","performance":"https://www.gstatic.com/firebasejs/8.3.2/firebase-performance.js","remote-config":"https://www.gstatic.com/firebasejs/8.3.2/firebase-remote-config.js","firestore.memory":"https://www.gstatic.com/firebasejs/8.3.2/firebase-firestore.memory.js"}}
[info] i  Skipping write of public/index.html 
[info] 
[info] i  Detected a .git folder at D:\Coding\LearnAndPractice\quiz-kelompok-7 
[info] i  Authorizing with GitHub to upload your service account to a GitHub repository's secrets store. 
[info] 
[info] Visit this URL on this device to log in:
[info] https://github.com/login/oauth/authorize?client_id=89cf50f02ac6aaed3484&state=876252620&redirect_uri=http%3A%2F%2Flocalhost%3A9005&scope=read%3Auser%20repo%20public_repo
[info] 
[info] Waiting for authentication...
[debug] [2021-04-03T01:59:29.777Z] >>> HTTP REQUEST POST https://github.com/login/oauth/access_token  
 {"client_id":"89cf50f02ac6aaed3484","client_secret":"3330d14abc895d9a74d5f17cd7a00711fa2c5bf0","code":"85a02083d39bc8977cdc","redirect_uri":"http://localhost:9005","state":"876252620"}
[debug] [2021-04-03T01:59:30.636Z] <<< HTTP RESPONSE 200 {"server":"GitHub.com","date":"Sat, 03 Apr 2021 01:59:28 GMT","content-type":"application/json; charset=utf-8","transfer-encoding":"chunked","vary":"X-PJAX, Accept-Encoding, Accept, X-Requested-With","etag":"W/\"a1d13e592732e9fba76064b1b7aff163\"","cache-control":"max-age=0, private, must-revalidate","strict-transport-security":"max-age=31536000; includeSubdomains; preload","x-frame-options":"deny","x-content-type-options":"nosniff","x-xss-protection":"0","referrer-policy":"origin-when-cross-origin, strict-origin-when-cross-origin","expect-ct":"max-age=2592000, report-uri=\"https://api.github.com/_private/browser/errors\"","content-security-policy":"default-src 'none'; base-uri 'self'; block-all-mixed-content; connect-src 'self' uploads.github.com www.githubstatus.com collector.githubapp.com api.github.com github-cloud.s3.amazonaws.com github-production-repository-file-5c1aeb.s3.amazonaws.com github-production-upload-manifest-file-7fdce7.s3.amazonaws.com github-production-user-asset-6210df.s3.amazonaws.com cdn.optimizely.com logx.optimizely.com/v1/events wss://alive.github.com; font-src github.githubassets.com; form-action 'self' github.com gist.github.com; frame-ancestors 'none'; frame-src render.githubusercontent.com; img-src 'self' data: github.githubassets.com identicons.github.com collector.githubapp.com github-cloud.s3.amazonaws.com secured-user-images.githubusercontent.com/ *.githubusercontent.com; manifest-src 'self'; media-src 'none'; script-src github.githubassets.com; style-src 'unsafe-inline' github.githubassets.com; worker-src github.com/socket-worker-3f088aa2.js gist.github.com/socket-worker-3f088aa2.js","x-github-request-id":"5D59:743D:AD948A:B65250:6067CBFF"}
[debug] [2021-04-03T01:59:30.647Z] >>> [apiv2][query] GET https://api.github.com/user [none]
[debug] [2021-04-03T01:59:31.282Z] <<< [apiv2][status] GET https://api.github.com/user 200
[debug] [2021-04-03T01:59:31.283Z] <<< [apiv2][body] GET https://api.github.com/user {"login":"fatwaanugerah21","id":54705444,"node_id":"MDQ6VXNlcjU0NzA1NDQ0","avatar_url":"https://avatars.githubusercontent.com/u/54705444?v=4","gravatar_id":"","url":"https://api.github.com/users/fatwaanugerah21","html_url":"https://github.com/fatwaanugerah21","followers_url":"https://api.github.com/users/fatwaanugerah21/followers","following_url":"https://api.github.com/users/fatwaanugerah21/following{/other_user}","gists_url":"https://api.github.com/users/fatwaanugerah21/gists{/gist_id}","starred_url":"https://api.github.com/users/fatwaanugerah21/starred{/owner}{/repo}","subscriptions_url":"https://api.github.com/users/fatwaanugerah21/subscriptions","organizations_url":"https://api.github.com/users/fatwaanugerah21/orgs","repos_url":"https://api.github.com/users/fatwaanugerah21/repos","events_url":"https://api.github.com/users/fatwaanugerah21/events{/privacy}","received_events_url":"https://api.github.com/users/fatwaanugerah21/received_events","type":"User","site_admin":false,"name":"Fatwa Anugerah","company":null,"blog":"","location":null,"email":null,"hireable":null,"bio":null,"twitter_username":null,"public_repos":9,"public_gists":0,"followers":0,"following":3,"created_at":"2019-08-30T08:50:28Z","updated_at":"2021-04-01T07:03:11Z","private_gists":0,"total_private_repos":0,"owned_private_repos":0,"disk_usage":38422,"collaborators":0,"two_factor_authentication":false,"plan":{"name":"pro","space":976562499,"collaborators":0,"private_repos":9999}}
[info] 
[info] +  Success! Logged into GitHub as fatwaanugerah21 
[info] 
[debug] [2021-04-03T02:00:18.631Z] >>> [apiv2][query] GET https://api.github.com/repos/mid-kelompok-7./actions/secrets/public-key type=owner
[debug] [2021-04-03T02:00:19.385Z] <<< [apiv2][status] GET https://api.github.com/repos/mid-kelompok-7./actions/secrets/public-key 404
[debug] [2021-04-03T02:00:19.386Z] <<< [apiv2][body] GET https://api.github.com/repos/mid-kelompok-7./actions/secrets/public-key {"message":"Not Found","documentation_url":"https://docs.github.com/rest"}
[debug] [2021-04-03T02:00:21.788Z] >>> [apiv2][query] GET https://api.github.com/repos/mid-kelompok-7/actions/secrets/public-key type=owner
[debug] [2021-04-03T02:00:22.264Z] <<< [apiv2][status] GET https://api.github.com/repos/mid-kelompok-7/actions/secrets/public-key 404
[debug] [2021-04-03T02:00:22.265Z] <<< [apiv2][body] GET https://api.github.com/repos/mid-kelompok-7/actions/secrets/public-key {"message":"Not Found","documentation_url":"https://docs.github.com/rest"}
[debug] [2021-04-03T02:00:29.520Z] >>> [apiv2][query] GET https://api.github.com/repos/fatwaanugerah21/mid-kelompok-7/actions/secrets/public-key type=owner
[debug] [2021-04-03T02:00:29.985Z] <<< [apiv2][status] GET https://api.github.com/repos/fatwaanugerah21/mid-kelompok-7/actions/secrets/public-key 200
[debug] [2021-04-03T02:00:29.985Z] <<< [apiv2][body] GET https://api.github.com/repos/fatwaanugerah21/mid-kelompok-7/actions/secrets/public-key {"key_id":"568250167242549743","key":"3S2gR5L/SZXyff53LUNKAH6FQUcWX8vthAflf1HdJ3I="}
[debug] [2021-04-03T02:00:29.991Z] >>> [apiv2][query] GET https://api.github.com/repos/fatwaanugerah21/mid-kelompok-7 [none]
[debug] [2021-04-03T02:00:30.475Z] <<< [apiv2][status] GET https://api.github.com/repos/fatwaanugerah21/mid-kelompok-7 200
[debug] [2021-04-03T02:00:30.475Z] <<< [apiv2][body] GET https://api.github.com/repos/fatwaanugerah21/mid-kelompok-7 {"id":354176979,"node_id":"MDEwOlJlcG9zaXRvcnkzNTQxNzY5Nzk=","name":"mid-kelompok-7","full_name":"fatwaanugerah21/mid-kelompok-7","private":false,"owner":{"login":"fatwaanugerah21","id":54705444,"node_id":"MDQ6VXNlcjU0NzA1NDQ0","avatar_url":"https://avatars.githubusercontent.com/u/54705444?v=4","gravatar_id":"","url":"https://api.github.com/users/fatwaanugerah21","html_url":"https://github.com/fatwaanugerah21","followers_url":"https://api.github.com/users/fatwaanugerah21/followers","following_url":"https://api.github.com/users/fatwaanugerah21/following{/other_user}","gists_url":"https://api.github.com/users/fatwaanugerah21/gists{/gist_id}","starred_url":"https://api.github.com/users/fatwaanugerah21/starred{/owner}{/repo}","subscriptions_url":"https://api.github.com/users/fatwaanugerah21/subscriptions","organizations_url":"https://api.github.com/users/fatwaanugerah21/orgs","repos_url":"https://api.github.com/users/fatwaanugerah21/repos","events_url":"https://api.github.com/users/fatwaanugerah21/events{/privacy}","received_events_url":"https://api.github.com/users/fatwaanugerah21/received_events","type":"User","site_admin":false},"html_url":"https://github.com/fatwaanugerah21/mid-kelompok-7","description":null,"fork":false,"url":"https://api.github.com/repos/fatwaanugerah21/mid-kelompok-7","forks_url":"https://api.github.com/repos/fatwaanugerah21/mid-kelompok-7/forks","keys_url":"https://api.github.com/repos/fatwaanugerah21/mid-kelompok-7/keys{/key_id}","collaborators_url":"https://api.github.com/repos/fatwaanugerah21/mid-kelompok-7/collaborators{/collaborator}","teams_url":"https://api.github.com/repos/fatwaanugerah21/mid-kelompok-7/teams","hooks_url":"https://api.github.com/repos/fatwaanugerah21/mid-kelompok-7/hooks","issue_events_url":"https://api.github.com/repos/fatwaanugerah21/mid-kelompok-7/issues/events{/number}","events_url":"https://api.github.com/repos/fatwaanugerah21/mid-kelompok-7/events","assignees_url":"https://api.github.com/repos/fatwaanugerah21/mid-kelompok-7/assignees{/user}","branches_url":"https://api.github.com/repos/fatwaanugerah21/mid-kelompok-7/branches{/branch}","tags_url":"https://api.github.com/repos/fatwaanugerah21/mid-kelompok-7/tags","blobs_url":"https://api.github.com/repos/fatwaanugerah21/mid-kelompok-7/git/blobs{/sha}","git_tags_url":"https://api.github.com/repos/fatwaanugerah21/mid-kelompok-7/git/tags{/sha}","git_refs_url":"https://api.github.com/repos/fatwaanugerah21/mid-kelompok-7/git/refs{/sha}","trees_url":"https://api.github.com/repos/fatwaanugerah21/mid-kelompok-7/git/trees{/sha}","statuses_url":"https://api.github.com/repos/fatwaanugerah21/mid-kelompok-7/statuses/{sha}","languages_url":"https://api.github.com/repos/fatwaanugerah21/mid-kelompok-7/languages","stargazers_url":"https://api.github.com/repos/fatwaanugerah21/mid-kelompok-7/stargazers","contributors_url":"https://api.github.com/repos/fatwaanugerah21/mid-kelompok-7/contributors","subscribers_url":"https://api.github.com/repos/fatwaanugerah21/mid-kelompok-7/subscribers","subscription_url":"https://api.github.com/repos/fatwaanugerah21/mid-kelompok-7/subscription","commits_url":"https://api.github.com/repos/fatwaanugerah21/mid-kelompok-7/commits{/sha}","git_commits_url":"https://api.github.com/repos/fatwaanugerah21/mid-kelompok-7/git/commits{/sha}","comments_url":"https://api.github.com/repos/fatwaanugerah21/mid-kelompok-7/comments{/number}","issue_comment_url":"https://api.github.com/repos/fatwaanugerah21/mid-kelompok-7/issues/comments{/number}","contents_url":"https://api.github.com/repos/fatwaanugerah21/mid-kelompok-7/contents/{+path}","compare_url":"https://api.github.com/repos/fatwaanugerah21/mid-kelompok-7/compare/{base}...{head}","merges_url":"https://api.github.com/repos/fatwaanugerah21/mid-kelompok-7/merges","archive_url":"https://api.github.com/repos/fatwaanugerah21/mid-kelompok-7/{archive_format}{/ref}","downloads_url":"https://api.github.com/repos/fatwaanugerah21/mid-kelompok-7/downloads","issues_url":"https://api.github.com/repos/fatwaanugerah21/mid-kelompok-7/issues{/number}","pulls_url":"https://api.github.com/repos/fatwaanugerah21/mid-kelompok-7/pulls{/number}","milestones_url":"https://api.github.com/repos/fatwaanugerah21/mid-kelompok-7/milestones{/number}","notifications_url":"https://api.github.com/repos/fatwaanugerah21/mid-kelompok-7/notifications{?since,all,participating}","labels_url":"https://api.github.com/repos/fatwaanugerah21/mid-kelompok-7/labels{/name}","releases_url":"https://api.github.com/repos/fatwaanugerah21/mid-kelompok-7/releases{/id}","deployments_url":"https://api.github.com/repos/fatwaanugerah21/mid-kelompok-7/deployments","created_at":"2021-04-03T02:00:02Z","updated_at":"2021-04-03T02:00:02Z","pushed_at":"2021-04-03T02:00:03Z","git_url":"git://github.com/fatwaanugerah21/mid-kelompok-7.git","ssh_url":"git@github.com:fatwaanugerah21/mid-kelompok-7.git","clone_url":"https://github.com/fatwaanugerah21/mid-kelompok-7.git","svn_url":"https://github.com/fatwaanugerah21/mid-kelompok-7","homepage":null,"size":0,"stargazers_count":0,"watchers_count":0,"language":null,"has_issues":true,"has_projects":true,"has_downloads":true,"has_wiki":true,"has_pages":false,"forks_count":0,"mirror_url":null,"archived":false,"disabled":false,"open_issues_count":0,"license":null,"forks":0,"open_issues":0,"watchers":0,"default_branch":"main","permissions":{"admin":true,"push":true,"pull":true},"temp_clone_token":"","allow_squash_merge":true,"allow_merge_commit":true,"allow_rebase_merge":true,"delete_branch_on_merge":false,"network_count":0,"subscribers_count":1}
[debug] [2021-04-03T02:00:30.483Z] > refreshing access token with scopes: ["email","https://www.googleapis.com/auth/cloud-platform","https://www.googleapis.com/auth/cloudplatformprojects.readonly","https://www.googleapis.com/auth/firebase","openid"]
[debug] [2021-04-03T02:00:30.483Z] >>> HTTP REQUEST POST https://www.googleapis.com/oauth2/v3/token  
 <request body omitted>
[debug] [2021-04-03T02:00:30.717Z] <<< HTTP RESPONSE 200 {"pragma":"no-cache","expires":"Mon, 01 Jan 1990 00:00:00 GMT","cache-control":"no-cache, no-store, max-age=0, must-revalidate","date":"Sat, 03 Apr 2021 02:00:28 GMT","content-type":"application/json; charset=utf-8","vary":"X-Origin, Referer, Origin,Accept-Encoding","server":"scaffolding on HTTPServer2","x-xss-protection":"0","x-frame-options":"SAMEORIGIN","x-content-type-options":"nosniff","alt-svc":"h3-29=\":443\"; ma=2592000,h3-T051=\":443\"; ma=2592000,h3-Q050=\":443\"; ma=2592000,h3-Q046=\":443\"; ma=2592000,h3-Q043=\":443\"; ma=2592000,quic=\":443\"; ma=2592000; v=\"46,43\"","accept-ranges":"none","transfer-encoding":"chunked"}
[debug] [2021-04-03T02:00:30.728Z] >>> HTTP REQUEST POST https://iam.googleapis.com/v1/projects/midtest-kelompok7/serviceAccounts  
 {"accountId":"github-action-354176979","serviceAccount":{"displayName":"GitHub Actions (fatwaanugerah21/mid-kelompok-7)","description":"A service account with permission to deploy to Firebase Hosting for the GitHub repository fatwaanugerah21/mid-kelompok-7"}}
[debug] [2021-04-03T02:00:32.578Z] <<< HTTP RESPONSE 200 {"content-type":"application/json; charset=UTF-8","vary":"X-Origin, Referer, Origin,Accept-Encoding","date":"Sat, 03 Apr 2021 02:00:30 GMT","server":"ESF","cache-control":"private","x-xss-protection":"0","x-frame-options":"SAMEORIGIN","x-content-type-options":"nosniff","alt-svc":"h3-29=\":443\"; ma=2592000,h3-T051=\":443\"; ma=2592000,h3-Q050=\":443\"; ma=2592000,h3-Q046=\":443\"; ma=2592000,h3-Q043=\":443\"; ma=2592000,quic=\":443\"; ma=2592000; v=\"46,43\"","accept-ranges":"none","transfer-encoding":"chunked"}
[debug] [2021-04-03T02:00:32.581Z] >>> HTTP REQUEST GET https://iam.googleapis.com/v1/projects/midtest-kelompok7/serviceAccounts/github-action-354176979@midtest-kelompok7.iam.gserviceaccount.com  
 
[debug] [2021-04-03T02:00:32.582Z] >>> HTTP REQUEST POST https://cloudresourcemanager.googleapis.com/v1/projects/midtest-kelompok7:getIamPolicy  
 
[debug] [2021-04-03T02:00:34.043Z] <<< HTTP RESPONSE 200 {"content-type":"application/json; charset=UTF-8","vary":"X-Origin, Referer, Origin,Accept-Encoding","date":"Sat, 03 Apr 2021 02:00:31 GMT","server":"ESF","cache-control":"private","x-xss-protection":"0","x-frame-options":"SAMEORIGIN","x-content-type-options":"nosniff","server-timing":"gfet4t7; dur=1167","alt-svc":"h3-29=\":443\"; ma=2592000,h3-T051=\":443\"; ma=2592000,h3-Q050=\":443\"; ma=2592000,h3-Q046=\":443\"; ma=2592000,h3-Q043=\":443\"; ma=2592000,quic=\":443\"; ma=2592000; v=\"46,43\"","accept-ranges":"none","transfer-encoding":"chunked"}
[debug] [2021-04-03T02:00:34.055Z] <<< HTTP RESPONSE 200 {"content-type":"application/json; charset=UTF-8","vary":"X-Origin, Referer, Origin,Accept-Encoding","date":"Sat, 03 Apr 2021 02:00:32 GMT","server":"ESF","cache-control":"private","x-xss-protection":"0","x-frame-options":"SAMEORIGIN","x-content-type-options":"nosniff","alt-svc":"h3-29=\":443\"; ma=2592000,h3-T051=\":443\"; ma=2592000,h3-Q050=\":443\"; ma=2592000,h3-Q046=\":443\"; ma=2592000,h3-Q043=\":443\"; ma=2592000,quic=\":443\"; ma=2592000; v=\"46,43\"","accept-ranges":"none","transfer-encoding":"chunked"}
[debug] [2021-04-03T02:00:34.057Z] >>> HTTP REQUEST POST https://cloudresourcemanager.googleapis.com/v1/projects/midtest-kelompok7:setIamPolicy  
 {"policy":{"version":1,"etag":"BwW/B8ynSeY=","bindings":[{"role":"roles/firebase.managementServiceAgent","members":["serviceAccount:firebase-service-account@firebase-sa-management.iam.gserviceaccount.com"]},{"role":"roles/firebase.sdkAdminServiceAgent","members":["serviceAccount:firebase-adminsdk-frwdz@midtest-kelompok7.iam.gserviceaccount.com"]},{"role":"roles/firebaserules.system","members":["serviceAccount:service-659412441520@firebase-rules.iam.gserviceaccount.com"]},{"role":"roles/iam.serviceAccountTokenCreator","members":["serviceAccount:firebase-adminsdk-frwdz@midtest-kelompok7.iam.gserviceaccount.com"]},{"role":"roles/owner","members":["user:nasirfa19h@student.unhas.ac.id"]},{"role":"roles/firebaseauth.admin","members":["serviceAccount:github-action-354176979@midtest-kelompok7.iam.gserviceaccount.com"]},{"role":"roles/serviceusage.apiKeysViewer","members":["serviceAccount:github-action-354176979@midtest-kelompok7.iam.gserviceaccount.com"]},{"role":"roles/firebasehosting.admin","members":["serviceAccount:github-action-354176979@midtest-kelompok7.iam.gserviceaccount.com"]},{"role":"roles/run.viewer","members":["serviceAccount:github-action-354176979@midtest-kelompok7.iam.gserviceaccount.com"]}]},"updateMask":"bindings"}
